

Version:	3.12
CmdLine:	C:\Users\flori\Documents\school\Sophomore I\Programming and Problem Solving II\Project\BuildingManagement\BuildingManagement\target\BGestio.exe --l4j-debug
WOW64:		yes
Create mutex:	BGestio
Working dir:	C:\Users\flori\Documents\school\Sophomore I\Programming and Problem Solving II\Project\BuildingManagement\BuildingManagement\target\.
Java min ver:	1.008.000
Java max ver:	1.013.000
64-bit search:	SOFTWARE\JavaSoft\Java Runtime Environment...
Check:		SOFTWARE\JavaSoft\Java Runtime Environment\1.8
Check launcher:	D:\dev\java\jre\bin\javaw.exe (OK)
Match:		1.008.000
Check:		SOFTWARE\JavaSoft\Java Runtime Environment\1.8.0_66
Check launcher:	D:\dev\java\jre\bin\javaw.exe (OK)
Match:		1.008.000_066
64-bit search:	SOFTWARE\JavaSoft\Java Development Kit...
Check:		SOFTWARE\JavaSoft\Java Development Kit\1.8
Ignore:		1.008.000
Check:		SOFTWARE\JavaSoft\Java Development Kit\1.8.0_66
Ignore:		1.008.000_066
64-bit search:	SOFTWARE\JavaSoft\JRE...
64-bit search:	SOFTWARE\JavaSoft\JDK...
Runtime used:	1.008.000_066 (64-bit)
Substitute:	JAVA = D:\dev\java\bin
Launcher:	D:\dev\java\jre\bin\javaw.exe
Launcher args:	D:\dev\java\bin -jar "C:\Users\flori\Documents\school\Sophomore I\Programming and Problem Solving II\Project\BuildingManagement\BuildingManagement\target\BGestio.exe"
Args length:	166/32768 chars
Exit code:	1, restarting the application!
Exit code:	1, restarting the application!
Exit code:	1, restarting the application!
Exit code:	1, restarting the application!
Exit code:	1, restarting the application!
Exit code:	1, restarting the application!
Exit code:	1, restarting the application!
Exit code:	1, restarting the application!
Exit code:	1, restarting the application!
Exit code:	1, restarting the application!
Exit code:	1, restarting the application!
Exit code:	1, restarting the application!
Exit code:	1, restarting the application!
Exit code:	1, restarting the application!
Exit code:	1, restarting the application!
Exit code:	1, restarting the application!
Exit code:	1, restarting the application!
Exit code:	1, restarting the application!
Exit code:	1, restarting the application!
Exit code:	1, restarting the application!
Exit code:	1, restarting the application!
Exit code:	1, restarting the application!
Exit code:	1, restarting the application!
Exit code:	1, restarting the application!
Exit code:	1, restarting the application!
Exit code:	1, restarting the application!
Exit code:	1, restarting the application!
Exit code:	1, restarting the application!
Exit code:	1, restarting the application!
Exit code:	1, restarting the application!
Exit code:	1, restarting the application!
Exit code:	1, restarting the application!
Exit code:	1, restarting the application!
Exit code:	1, restarting the application!
Exit code:	1, restarting the application!
Exit code:	1, restarting the application!
Exit code:	1, restarting the application!
Exit code:	1, restarting the application!
Exit code:	1, restarting the application!
Exit code:	1, restarting the application!
Exit code:	1, restarting the application!
Exit code:	1, restarting the application!
Exit code:	1, restarting the application!
Exit code:	1, restarting the application!
Exit code:	1, restarting the application!
Exit code:	1, restarting the application!
Exit code:	1, restarting the application!
Exit code:	1, restarting the application!
Exit code:	1, restarting the application!
Exit code:	1, restarting the application!
Exit code:	1, restarting the application!
Exit code:	1, restarting the application!
Exit code:	1, restarting the application!
Exit code:	1, restarting the application!
Exit code:	1, restarting the application!
Exit code:	1, restarting the application!
Exit code:	1, restarting the application!
Exit code:	1, restarting the application!
Exit code:	1, restarting the application!
Exit code:	1, restarting the application!
Exit code:	1, restarting the application!
Exit code:	1, restarting the application!
Exit code:	1, restarting the application!
Exit code:	1, restarting the application!
Exit code:	1, restarting the application!
Exit code:	1, restarting the application!
Exit code:	1, restarting the application!
Exit code:	1, restarting the application!
Exit code:	1, restarting the application!
Exit code:	1, restarting the application!
Exit code:	1, restarting the application!
Exit code:	1, restarting the application!
Exit code:	1, restarting the application!
Exit code:	1, restarting the application!
Exit code:	1, restarting the application!
Exit code:	1, restarting the application!
Exit code:	1, restarting the application!
Exit code:	1, restarting the application!
Exit code:	1, restarting the application!
Exit code:	1, restarting the application!
Exit code:	1, restarting the application!
Exit code:	1, restarting the application!
Exit code:	1, restarting the application!
Exit code:	1, restarting the application!
Exit code:	1, restarting the application!
Exit code:	1, restarting the application!
Exit code:	1, restarting the application!
Exit code:	1, restarting the application!
Exit code:	1, restarting the application!
Exit code:	1, restarting the application!
Exit code:	1, restarting the application!
Exit code:	1, restarting the application!
Exit code:	1, restarting the application!
Exit code:	1, restarting the application!
Exit code:	1, restarting the application!
Exit code:	1, restarting the application!
Exit code:	1, restarting the application!
Exit code:	1, restarting the application!
Exit code:	1, restarting the application!
Exit code:	1, restarting the application!
Exit code:	1, restarting the application!
Exit code:	1, restarting the application!
Exit code:	1, restarting the application!
Exit code:	1, restarting the application!
Exit code:	1, restarting the application!
Exit code:	1, restarting the application!
Exit code:	1, restarting the application!
Exit code:	1, restarting the application!
Exit code:	1, restarting the application!
Exit code:	1, restarting the application!
Exit code:	1, restarting the application!
Exit code:	1, restarting the application!
Exit code:	1, restarting the application!
Exit code:	1, restarting the application!
Exit code:	1, restarting the application!
Exit code:	1, restarting the application!
Exit code:	1, restarting the application!
Exit code:	1, restarting the application!
Exit code:	1, restarting the application!
Exit code:	1, restarting the application!
Exit code:	1, restarting the application!
Exit code:	1, restarting the application!
Exit code:	1, restarting the application!
Exit code:	1, restarting the application!
Exit code:	1, restarting the application!
Exit code:	1, restarting the application!
Exit code:	1, restarting the application!
Exit code:	1, restarting the application!
Exit code:	1, restarting the application!
Exit code:	1, restarting the application!
Exit code:	1, restarting the application!
Exit code:	1, restarting the application!
Exit code:	1, restarting the application!
Exit code:	1, restarting the application!
Exit code:	1, restarting the application!
Exit code:	1, restarting the application!
Exit code:	1, restarting the application!
Exit code:	1, restarting the application!
Exit code:	1, restarting the application!
Exit code:	1, restarting the application!
Exit code:	1, restarting the application!
Exit code:	1, restarting the application!
Exit code:	1, restarting the application!
Exit code:	1, restarting the application!
Exit code:	1, restarting the application!
Exit code:	1, restarting the application!
Exit code:	1, restarting the application!
Exit code:	1, restarting the application!
Exit code:	1, restarting the application!
Exit code:	1, restarting the application!
Exit code:	1, restarting the application!
Exit code:	1, restarting the application!
Exit code:	1, restarting the application!
Exit code:	1, restarting the application!
Exit code:	1, restarting the application!
Exit code:	1, restarting the application!
Exit code:	1, restarting the application!
Exit code:	1, restarting the application!
Exit code:	1, restarting the application!
Exit code:	1, restarting the application!
Exit code:	1, restarting the application!
Exit code:	1, restarting the application!
Exit code:	1, restarting the application!
Exit code